<?xml version="1.0" encoding="UTF-8"?>
<testng-results ignored="0" total="1" passed="1" failed="0" skipped="0">
  <reporter-output>
  </reporter-output>
  <suite started-at="2021-12-29T17:01:21 IST" name="Default suite" finished-at="2021-12-29T17:01:39 IST" duration-ms="18357">
    <groups>
    </groups>
    <test started-at="2021-12-29T17:01:21 IST" name="Default test" finished-at="2021-12-29T17:01:39 IST" duration-ms="18357">
      <class name="tests.FrameTest">
        <test-method is-config="true" signature="beforeMethod()[pri:0, instance:tests.FrameTest@4944252c]" started-at="2021-12-29T17:01:21 IST" name="beforeMethod" finished-at="2021-12-29T17:01:25 IST" duration-ms="3930" status="PASS">
          <reporter-output>
          </reporter-output>
        </test-method> <!-- beforeMethod -->
        <test-method signature="Test()[pri:0, instance:tests.FrameTest@4944252c]" started-at="2021-12-29T17:01:25 IST" name="Test" finished-at="2021-12-29T17:01:38 IST" duration-ms="13514" status="PASS">
          <reporter-output>
          </reporter-output>
        </test-method> <!-- Test -->
        <test-method is-config="true" signature="closeDriver()[pri:0, instance:tests.FrameTest@4944252c]" started-at="2021-12-29T17:01:38 IST" name="closeDriver" finished-at="2021-12-29T17:01:39 IST" duration-ms="874" status="PASS">
          <reporter-output>
          </reporter-output>
        </test-method> <!-- closeDriver -->
      </class> <!-- tests.FrameTest -->
    </test> <!-- Default test -->
  </suite> <!-- Default suite -->
</testng-results>
